D:\MYGIDCODE\PROCTEXTEDITOR\QTPROCTEXT\DEBUG\BASEWIDGET.OBJ
D:\MYGIDCODE\PROCTEXTEDITOR\QTPROCTEXT\DEBUG\CCOLORFRAME.OBJ
D:\MYGIDCODE\PROCTEXTEDITOR\QTPROCTEXT\DEBUG\CCOLORMAPWIDGET.OBJ
D:\MYGIDCODE\PROCTEXTEDITOR\QTPROCTEXT\DEBUG\CCTRLFRAME.OBJ
D:\MyGidCode\ProcTextEditor\QTProcText\Debug\cl.command.1.tlog
D:\MyGidCode\ProcTextEditor\QTProcText\Debug\CL.read.1.tlog
D:\MyGidCode\ProcTextEditor\QTProcText\Debug\CL.write.1.tlog
D:\MYGIDCODE\PROCTEXTEDITOR\QTPROCTEXT\DEBUG\CLAYERFRAME.OBJ
D:\MYGIDCODE\PROCTEXTEDITOR\QTPROCTEXT\DEBUG\CPATTERNFRAME.OBJ
D:\MYGIDCODE\PROCTEXTEDITOR\QTPROCTEXT\DEBUG\CPATTERNWIDGET.OBJ
D:\MYGIDCODE\PROCTEXTEDITOR\QTPROCTEXT\DEBUG\CPROPERTYWIDGET.OBJ
D:\MyGidCode\ProcTextEditor\QTProcText\Debug\custombuild.command.1.tlog
D:\MyGidCode\ProcTextEditor\QTProcText\Debug\custombuild.read.1.tlog
D:\MyGidCode\ProcTextEditor\QTProcText\Debug\custombuild.write.1.tlog
D:\MYGIDCODE\PROCTEXTEDITOR\QTPROCTEXT\DEBUG\CWARPWIDGET.OBJ
D:\MyGidCode\ProcTextEditor\QTProcText\Debug\link.command.1.tlog
D:\MyGidCode\ProcTextEditor\QTProcText\Debug\link.read.1.tlog
D:\MyGidCode\ProcTextEditor\QTProcText\Debug\link.write.1.tlog
D:\MYGIDCODE\PROCTEXTEDITOR\QTPROCTEXT\DEBUG\MAIN.OBJ
D:\MYGIDCODE\PROCTEXTEDITOR\QTPROCTEXT\DEBUG\MOC_BASEWIDGET.OBJ
D:\MYGIDCODE\PROCTEXTEDITOR\QTPROCTEXT\DEBUG\MOC_CCOLORFRAME.OBJ
D:\MYGIDCODE\PROCTEXTEDITOR\QTPROCTEXT\DEBUG\MOC_CCTRLFRAME.OBJ
D:\MYGIDCODE\PROCTEXTEDITOR\QTPROCTEXT\DEBUG\MOC_CLAYERFRAME.OBJ
D:\MYGIDCODE\PROCTEXTEDITOR\QTPROCTEXT\DEBUG\MOC_CPATTERNFRAME.OBJ
D:\MYGIDCODE\PROCTEXTEDITOR\QTPROCTEXT\DEBUG\MOC_CPATTERNWIDGET.OBJ
D:\MYGIDCODE\PROCTEXTEDITOR\QTPROCTEXT\DEBUG\MOC_CWARPWIDGET.OBJ
D:\MYGIDCODE\PROCTEXTEDITOR\QTPROCTEXT\DEBUG\MOC_QTPROCTEXT.OBJ
D:\MyGidCode\ProcTextEditor\QTProcText\Debug\mt.command.1.tlog
D:\MyGidCode\ProcTextEditor\QTProcText\Debug\mt.read.1.tlog
D:\MyGidCode\ProcTextEditor\QTProcText\Debug\mt.write.1.tlog
D:\MYGIDCODE\PROCTEXTEDITOR\QTPROCTEXT\DEBUG\QRC_QTPROCTEXT.OBJ
D:\MYGIDCODE\PROCTEXTEDITOR\QTPROCTEXT\DEBUG\QTPROCTEXT.EXE.INTERMEDIATE.MANIFEST
D:\MYGIDCODE\PROCTEXTEDITOR\QTPROCTEXT\DEBUG\QTPROCTEXT.OBJ
D:\MYGIDCODE\PROCTEXTEDITOR\QTPROCTEXT\DEBUG\VC100.PDB
D:\MYGIDCODE\PROCTEXTEDITOR\QTPROCTEXT\DEBUG\WIDGETCREATOR.OBJ
D:\MYGIDCODE\PROCTEXTEDITOR\QTPROCTEXT\GENERATEDFILES\DEBUG\MOC_BASEWIDGET.CPP
D:\MYGIDCODE\PROCTEXTEDITOR\QTPROCTEXT\GENERATEDFILES\DEBUG\MOC_CCOLORFRAME.CPP
D:\MYGIDCODE\PROCTEXTEDITOR\QTPROCTEXT\GENERATEDFILES\DEBUG\MOC_CCTRLFRAME.CPP
D:\MYGIDCODE\PROCTEXTEDITOR\QTPROCTEXT\GENERATEDFILES\DEBUG\MOC_CLAYERFRAME.CPP
D:\MYGIDCODE\PROCTEXTEDITOR\QTPROCTEXT\GENERATEDFILES\DEBUG\MOC_CPATTERNFRAME.CPP
D:\MYGIDCODE\PROCTEXTEDITOR\QTPROCTEXT\GENERATEDFILES\DEBUG\MOC_CPATTERNWIDGET.CPP
D:\MYGIDCODE\PROCTEXTEDITOR\QTPROCTEXT\GENERATEDFILES\DEBUG\MOC_CWARPWIDGET.CPP
D:\MYGIDCODE\PROCTEXTEDITOR\QTPROCTEXT\GENERATEDFILES\DEBUG\MOC_QTPROCTEXT.CPP
D:\MYGIDCODE\PROCTEXTEDITOR\QTPROCTEXT\GENERATEDFILES\QRC_QTPROCTEXT.CPP
D:\MYGIDCODE\PROCTEXTEDITOR\QTPROCTEXT\GENERATEDFILES\UI_QTPROCTEXT.H
D:\MYGIDCODE\PROCTEXTEDITOR\WIN32\DEBUG\QTPROCTEXT.EXE
D:\MYGIDCODE\PROCTEXTEDITOR\WIN32\DEBUG\QTPROCTEXT.ILK
D:\MYGIDCODE\PROCTEXTEDITOR\WIN32\DEBUG\QTPROCTEXT.PDB
